<?xml version="1.0" encoding="UTF-8"?>
<!-- Generated by org.testng.reporters.JUnitReportReporter -->
<testsuite hostname="LAPTOP-BMLCM6GD" failures="0" tests="1" name="HomepageTest" time="35.941" errors="0" timestamp="2025-02-17T15:16:57 BDT" skipped="0">
  <testcase classname="HomepageTest" name="NavigateHomePage" time="35.941"/>
</testsuite> <!-- HomepageTest -->
